<?xml version="1.0" encoding="UTF-8"?>
<testsuite xmlns:xsi="http://www.w3.org/2001/XMLSchema-instance" xsi:noNamespaceSchemaLocation="https://maven.apache.org/surefire/maven-surefire-plugin/xsd/surefire-test-report.xsd" name="com.tweetapp.library.config.test.JwtRequestFilterTest" time="0.574" tests="6" errors="0" skipped="0" failures="0">
  <properties>
[...]
</properties>
  <testcase name="doFilterInternalTest_ValidationErrors" classname="com.tweetapp.library.config.test.JwtRequestFilterTest" time="0.034"/>
  <testcase name="doFilterInternalTest" classname="com.tweetapp.library.config.test.JwtRequestFilterTest" time="0.008"/>
  <testcase name="doFilterInternalTest_FeignException" classname="com.tweetapp.library.config.test.JwtRequestFilterTest" time="0.018"/>
  <testcase name="doFilterInternalTest_NoBearer" classname="com.tweetapp.library.config.test.JwtRequestFilterTest" time="0.007"/>
  <testcase name="doFilterInternalTest_LoggedInUser" classname="com.tweetapp.library.config.test.JwtRequestFilterTest" time="0.009"/>
  <testcase name="doFilterInternalTest_NullUsername" classname="com.tweetapp.library.config.test.JwtRequestFilterTest" time="0.008"/>
</testsuite>